<?xml version="1.0" encoding="UTF-8"?>
<!-- Generated by org.testng.reporters.JUnitXMLReporter -->
<testsuite ignored="0" hostname="LTIN718614" failures="0" tests="3" name="InterimProject" time="85.194" errors="0" timestamp="2026-04-13T11:29:11 IST">
  <testcase classname="test.NavigationTest" name="navigationTest" time="10.805"/>
  <testcase classname="test.NavigationTest" name="contactSalesTest" time="63.718"/>
  <testcase classname="test.NavigationTest" name="windowHandling" time="0.02"/>
</testsuite> <!-- InterimProject -->
