<?xml version="1.0" encoding="UTF-8"?>
<testng-results ignored="0" total="3" passed="3" failed="0" skipped="0">
  <reporter-output>
  </reporter-output>
  <suite started-at="2026-04-06T14:20:26 IST" name="Surefire suite" finished-at="2026-04-06T14:22:02 IST" duration-ms="95736">
    <groups>
    </groups>
    <test started-at="2026-04-06T14:20:26 IST" name="Surefire test" finished-at="2026-04-06T14:22:02 IST" duration-ms="95736">
      <class name="test.NavigationTest">
        <test-method is-config="true" signature="setUp()[pri:0, instance:test.NavigationTest@55040f2f]" started-at="2026-04-06T14:20:26 IST" name="setUp" finished-at="2026-04-06T14:20:33 IST" duration-ms="6946" status="PASS">
          <reporter-output>
          </reporter-output>
        </test-method> <!-- setUp -->
        <test-method signature="navigationTest()[pri:0, instance:test.NavigationTest@55040f2f]" started-at="2026-04-06T14:20:33 IST" name="navigationTest" finished-at="2026-04-06T14:20:43 IST" duration-ms="10013" status="PASS">
          <reporter-output>
          </reporter-output>
        </test-method> <!-- navigationTest -->
        <test-method signature="contactSalesTest()[pri:1, instance:test.NavigationTest@55040f2f]" started-at="2026-04-06T14:20:43 IST" name="contactSalesTest" finished-at="2026-04-06T14:21:56 IST" depends-on-methods="test.NavigationTest.navigationTest" duration-ms="72914" status="PASS">
          <reporter-output>
          </reporter-output>
        </test-method> <!-- contactSalesTest -->
        <test-method signature="windowHandling()[pri:2, instance:test.NavigationTest@55040f2f]" started-at="2026-04-06T14:21:56 IST" name="windowHandling" finished-at="2026-04-06T14:21:56 IST" depends-on-methods="test.NavigationTest.contactSalesTest" duration-ms="32" status="PASS">
          <reporter-output>
          </reporter-output>
        </test-method> <!-- windowHandling -->
        <test-method is-config="true" signature="tearDown()[pri:0, instance:test.NavigationTest@55040f2f]" started-at="2026-04-06T14:21:56 IST" name="tearDown" finished-at="2026-04-06T14:22:02 IST" duration-ms="5747" status="PASS">
          <reporter-output>
          </reporter-output>
        </test-method> <!-- tearDown -->
      </class> <!-- test.NavigationTest -->
    </test> <!-- Surefire test -->
  </suite> <!-- Surefire suite -->
</testng-results>
