<?xml version="1.0" encoding="UTF-8"?>
<!-- Generated by org.testng.reporters.JUnitXMLReporter -->
<testsuite ignored="0" hostname="LTIN718614" failures="0" tests="3" name="Surefire test" time="95.736" errors="0" timestamp="2026-04-06T14:22:02 IST">
  <testcase classname="test.NavigationTest" name="navigationTest" time="10.013"/>
  <testcase classname="test.NavigationTest" name="contactSalesTest" time="72.914"/>
  <testcase classname="test.NavigationTest" name="windowHandling" time="0.032"/>
</testsuite> <!-- Surefire test -->
