<?xml version="1.0" encoding="UTF-8"?>
<!-- Generated by org.testng.reporters.JUnitReportReporter -->
<testsuite hostname="LTIN718614" failures="0" tests="3" name="test.NavigationTest" time="74.580" errors="0" timestamp="2026-04-13T11:29:11 IST" skipped="0">
  <testcase classname="test.NavigationTest" name="navigationTest" time="10.808"/>
  <testcase classname="test.NavigationTest" name="contactSalesTest" time="63.725"/>
  <testcase classname="test.NavigationTest" name="windowHandling" time="0.047"/>
</testsuite> <!-- test.NavigationTest -->
